<?xml version="1.0" encoding="UTF-8"?>
<!-- Generated by org.testng.reporters.JUnitReportReporter -->
<testsuite hostname="DESKTOP-0DTA44N" failures="0" tests="1" name="tests.PutPatchDeleteExamples" time="5.953" errors="0" timestamp="2023-02-19T12:40:38 EST" skipped="0">
  <testcase classname="tests.PutPatchDeleteExamples" name="testDelete" time="5.953"/>
  <system-out/>
</testsuite> <!-- tests.PutPatchDeleteExamples -->
