<?xml version="1.0" encoding="UTF-8"?>
<!-- Generated by org.testng.reporters.JUnitReportReporter -->
<testsuite hostname="DESKTOP-0DTA44N" failures="0" tests="1" name="tests.testOnLocalAPIs" time="3.877" errors="0" timestamp="2023-02-19T13:17:32 EST" skipped="0">
  <testcase classname="tests.testOnLocalAPIs" name="delete" time="3.877"/>
  <system-out/>
</testsuite> <!-- tests.testOnLocalAPIs -->
