<?xml version="1.0" encoding="UTF-8"?>
<!-- Generated by org.testng.reporters.JUnitReportReporter -->
<testsuite hostname="DESKTOP-0DTA44N" failures="0" tests="1" name="tests.GetandPostExamples" time="5.901" errors="0" timestamp="2023-02-18T22:52:45 EST" skipped="0">
  <testcase classname="tests.GetandPostExamples" name="testPost" time="5.901"/>
  <system-out/>
</testsuite> <!-- tests.GetandPostExamples -->
