<?xml version="1.0" encoding="UTF-8"?>
<!-- Generated by org.testng.reporters.JUnitReportReporter -->
<testsuite hostname="DESKTOP-0DTA44N" failures="0" tests="1" name="tests.jsonSchemaValidator" time="6.712" errors="0" timestamp="2023-02-19T13:30:50 EST" skipped="0">
  <testcase classname="tests.jsonSchemaValidator" name="testGet" time="6.712"/>
  <system-out/>
</testsuite> <!-- tests.jsonSchemaValidator -->
