<?xml version="1.0" encoding="UTF-8"?>
<!-- Generated by org.testng.reporters.JUnitReportReporter -->
<testsuite hostname="DESKTOP-0DTA44N" failures="0" tests="1" name="tests.TestsExamples" time="7.181" errors="0" timestamp="2023-02-18T22:28:54 EST" skipped="0">
  <testcase classname="tests.TestsExamples" name="test2" time="7.181"/>
  <system-out/>
</testsuite> <!-- tests.TestsExamples -->
